mobile/android/build/intermediates/manifest_merge_blame_file/debug/manifest-merger-blame-debug-report.txt
1<?xml version="1.0" encoding="utf-8"?>
2<manifest xmlns:android="http://schemas.android.com/apk/res/android"
3    package="com.sigurvar.distanceduel"
4    android:versionCode="1"
5    android:versionName="1.0" >
6
7    <uses-sdk
8        android:minSdkVersion="14"
8-->mobile/android/AndroidManifest.xml
9        android:targetSdkVersion="29" />
9-->mobile/android/AndroidManifest.xml
10
11    <uses-permission android:name="android.permission.INTERNET" />
11-->mobile/android/AndroidManifest.xml:4:5-67
11-->mobile/android/AndroidManifest.xml:4:22-64
12
13    <application
13-->mobile/android/AndroidManifest.xml:5:5-23:19
14        android:allowBackup="true"
14-->mobile/android/AndroidManifest.xml:6:9-35
15        android:appCategory="game"
15-->mobile/android/AndroidManifest.xml:9:9-35
16        android:debuggable="true"
17        android:icon="@drawable/ic_launcher"
17-->mobile/android/AndroidManifest.xml:7:9-45
18        android:isGame="true"
18-->mobile/android/AndroidManifest.xml:8:9-30
19        android:label="@string/app_name"
19-->mobile/android/AndroidManifest.xml:10:9-41
20        android:testOnly="true"
21        android:theme="@style/GdxTheme"
21-->mobile/android/AndroidManifest.xml:12:9-40
22        android:usesCleartextTraffic="true" >
22-->mobile/android/AndroidManifest.xml:11:9-44
23        <activity
23-->mobile/android/AndroidManifest.xml:13:9-22:20
24            android:name="com.sigurvar.distanceduel.AndroidLauncher"
24-->mobile/android/AndroidManifest.xml:14:13-69
25            android:configChanges="keyboard|keyboardHidden|navigation|orientation|screenSize|screenLayout"
25-->mobile/android/AndroidManifest.xml:17:13-107
26            android:label="@string/app_name"
26-->mobile/android/AndroidManifest.xml:15:13-45
27            android:screenOrientation="portrait" >
27-->mobile/android/AndroidManifest.xml:16:13-49
28            <intent-filter>
28-->mobile/android/AndroidManifest.xml:18:13-21:29
29                <action android:name="android.intent.action.MAIN" />
29-->mobile/android/AndroidManifest.xml:19:17-69
29-->mobile/android/AndroidManifest.xml:19:25-66
30
31                <category android:name="android.intent.category.LAUNCHER" />
31-->mobile/android/AndroidManifest.xml:20:17-77
31-->mobile/android/AndroidManifest.xml:20:27-74
32            </intent-filter>
33        </activity>
34    </application>
35
36</manifest>